<?xml version="1.0" encoding="UTF-8"?>
<testng-results skipped="0" failed="0" total="1" passed="1">
  <reporter-output>
  </reporter-output>
  <suite name="Default suite" duration-ms="58049" started-at="2016-07-20T21:23:21Z" finished-at="2016-07-20T21:24:20Z">
    <groups>
    </groups>
    <test name="Default test" duration-ms="58049" started-at="2016-07-20T21:23:21Z" finished-at="2016-07-20T21:24:20Z">
      <class name="TestCases.FirstPage">
        <test-method status="PASS" signature="LoginBrowser()[pri:0, instance:TestCases.FirstPage@6056677a]" name="LoginBrowser" duration-ms="58005" started-at="2016-07-20T22:23:21Z" finished-at="2016-07-20T22:24:19Z">
          <reporter-output>
          </reporter-output>
        </test-method> <!-- LoginBrowser -->
      </class> <!-- TestCases.FirstPage -->
    </test> <!-- Default test -->
  </suite> <!-- Default suite -->
</testng-results>
